This file contains any messages produced by compilers while
running configure, to aid debugging if configure makes a mistake.

It was created by BTstack configure 0.1, which was
generated by GNU Autoconf 2.61.  Invocation command line was

  $ ./configure --target=iphone --with-sdk-version=3.2

## --------- ##
## Platform. ##
## --------- ##

hostname = darngel.ncis.xtenbox.fr
uname -m = i386
uname -r = 10.4.0
uname -s = Darwin
uname -v = Darwin Kernel Version 10.4.0: Fri Apr 23 18:28:53 PDT 2010; root:xnu-1504.7.4~1/RELEASE_I386

/usr/bin/uname -p = i386
/bin/uname -X     = unknown

/bin/arch              = unknown
/usr/bin/arch -k       = unknown
/usr/convex/getsysinfo = unknown
/usr/bin/hostinfo      = Mach kernel version:
	 Darwin Kernel Version 10.4.0: Fri Apr 23 18:28:53 PDT 2010; root:xnu-1504.7.4~1/RELEASE_I386
Kernel configured for up to 2 processors.
2 processors are physically available.
2 processors are logically available.
Processor type: i486 (Intel 80486)
Processors active: 0 1
Primary memory available: 2.00 gigabytes
Default processor set: 84 tasks, 327 threads, 2 processors
Load average: 1.20, Mach factor: 1.17
/bin/machine           = unknown
/usr/bin/oslevel       = unknown
/bin/universe          = unknown

PATH: /usr/bin
PATH: /bin
PATH: /usr/sbin
PATH: /sbin
PATH: /usr/local/bin
PATH: /usr/X11/bin
PATH: /opt/local/bin
PATH: /opt/local/sbin


## ----------- ##
## Core tests. ##
## ----------- ##

configure:1805: checking for a BSD-compatible install
configure:1861: result: /usr/bin/install -c
configure:1872: checking whether build environment is sane
configure:1915: result: yes
configure:1943: checking for a thread-safe mkdir -p
configure:1982: result: config/install-sh -c -d
configure:1995: checking for gawk
configure:2025: result: no
configure:1995: checking for mawk
configure:2025: result: no
configure:1995: checking for nawk
configure:2025: result: no
configure:1995: checking for awk
configure:2011: found /usr/bin/awk
configure:2022: result: awk
configure:2033: checking whether make sets $(MAKE)
configure:2054: result: yes
configure:2351: checking build system type
configure:2369: result: i386-apple-darwin10.4.0
configure:2391: checking host system type
configure:2406: result: i386-apple-darwin10.4.0
configure:2478: checking for gcc
configure:2494: found /usr/bin/gcc
configure:2505: result: gcc
configure:2743: checking for C compiler version
configure:2750: gcc --version >&5
i686-apple-darwin10-gcc-4.2.1 (GCC) 4.2.1 (Apple Inc. build 5664)
Copyright (C) 2007 Free Software Foundation, Inc.
This is free software; see the source for copying conditions.  There is NO
warranty; not even for MERCHANTABILITY or FITNESS FOR A PARTICULAR PURPOSE.

configure:2753: $? = 0
configure:2760: gcc -v >&5
Using built-in specs.
Target: i686-apple-darwin10
Configured with: /var/tmp/gcc/gcc-5664~38/src/configure --disable-checking --enable-werror --prefix=/usr --mandir=/share/man --enable-languages=c,objc,c++,obj-c++ --program-transform-name=/^[cg][^.-]*$/s/$/-4.2/ --with-slibdir=/usr/lib --build=i686-apple-darwin10 --program-prefix=i686-apple-darwin10- --host=x86_64-apple-darwin10 --target=i686-apple-darwin10 --with-gxx-include-dir=/include/c++/4.2.1
Thread model: posix
gcc version 4.2.1 (Apple Inc. build 5664)
configure:2763: $? = 0
configure:2770: gcc -V >&5
gcc-4.2: argument to `-V' is missing
configure:2773: $? = 1
configure:2796: checking for C compiler default output file name
configure:2823: gcc    conftest.c  >&5
configure:2826: $? = 0
configure:2864: result: a.out
configure:2881: checking whether the C compiler works
configure:2891: ./a.out
configure:2894: $? = 0
configure:2911: result: yes
configure:2918: checking whether we are cross compiling
configure:2920: result: no
configure:2923: checking for suffix of executables
configure:2930: gcc -o conftest    conftest.c  >&5
configure:2933: $? = 0
configure:2957: result: 
configure:2963: checking for suffix of object files
configure:2989: gcc -c   conftest.c >&5
configure:2992: $? = 0
configure:3015: result: o
configure:3019: checking whether we are using the GNU C compiler
configure:3048: gcc -c   conftest.c >&5
configure:3054: $? = 0
configure:3071: result: yes
configure:3076: checking whether gcc accepts -g
configure:3106: gcc -c -g  conftest.c >&5
configure:3112: $? = 0
configure:3211: result: yes
configure:3228: checking for gcc option to accept ISO C89
configure:3302: gcc  -c -g -O2  conftest.c >&5
configure:3308: $? = 0
configure:3331: result: none needed
configure:3360: checking for style of include used by make
configure:3388: result: GNU
configure:3413: checking dependency style of gcc
configure:3504: result: none
configure:3524: checking how to run the C preprocessor
configure:3564: gcc -E  conftest.c
configure:3570: $? = 0
configure:3601: gcc -E  conftest.c
conftest.c:10:28: error: ac_nonexistent.h: No such file or directory
configure:3607: $? = 1
configure: failed program was:
| /* confdefs.h.  */
| #define PACKAGE_NAME "BTstack"
| #define PACKAGE_TARNAME "btstack"
| #define PACKAGE_VERSION "0.1"
| #define PACKAGE_STRING "BTstack 0.1"
| #define PACKAGE_BUGREPORT ""
| #define PACKAGE "BTstack"
| #define VERSION "0.1"
| /* end confdefs.h.  */
| #include <ac_nonexistent.h>
configure:3640: result: gcc -E
configure:3669: gcc -E  conftest.c
configure:3675: $? = 0
configure:3706: gcc -E  conftest.c
conftest.c:10:28: error: ac_nonexistent.h: No such file or directory
configure:3712: $? = 1
configure: failed program was:
| /* confdefs.h.  */
| #define PACKAGE_NAME "BTstack"
| #define PACKAGE_TARNAME "btstack"
| #define PACKAGE_VERSION "0.1"
| #define PACKAGE_STRING "BTstack 0.1"
| #define PACKAGE_BUGREPORT ""
| #define PACKAGE "BTstack"
| #define VERSION "0.1"
| /* end confdefs.h.  */
| #include <ac_nonexistent.h>
configure:3803: checking for gcc
configure:3819: found /usr/bin/gcc
configure:3830: result: gcc
configure:3859: checking for Objective C compiler version
configure:3866: gcc --version >&5
i686-apple-darwin10-gcc-4.2.1 (GCC) 4.2.1 (Apple Inc. build 5664)
Copyright (C) 2007 Free Software Foundation, Inc.
This is free software; see the source for copying conditions.  There is NO
warranty; not even for MERCHANTABILITY or FITNESS FOR A PARTICULAR PURPOSE.

configure:3869: $? = 0
configure:3876: gcc -v >&5
Using built-in specs.
Target: i686-apple-darwin10
Configured with: /var/tmp/gcc/gcc-5664~38/src/configure --disable-checking --enable-werror --prefix=/usr --mandir=/share/man --enable-languages=c,objc,c++,obj-c++ --program-transform-name=/^[cg][^.-]*$/s/$/-4.2/ --with-slibdir=/usr/lib --build=i686-apple-darwin10 --program-prefix=i686-apple-darwin10- --host=x86_64-apple-darwin10 --target=i686-apple-darwin10 --with-gxx-include-dir=/include/c++/4.2.1
Thread model: posix
gcc version 4.2.1 (Apple Inc. build 5664)
configure:3879: $? = 0
configure:3886: gcc -V >&5
gcc-4.2: argument to `-V' is missing
configure:3889: $? = 1
configure:3892: checking whether we are using the GNU Objective C compiler
configure:3921: gcc -c   conftest.m >&5
configure:3927: $? = 0
configure:3944: result: yes
configure:3949: checking whether gcc accepts -g
configure:3979: gcc -c -g  conftest.m >&5
configure:3985: $? = 0
configure:4084: result: yes
configure:4109: checking dependency style of gcc
configure:4200: result: none
configure:4228: checking for a BSD-compatible install
configure:4284: result: /usr/bin/install -c
configure:4295: checking whether ln -s works
configure:4299: result: yes
configure:4306: checking whether make sets $(MAKE)
configure:4327: result: yes
configure:4941: creating ./config.status

## ---------------------- ##
## Running config.status. ##
## ---------------------- ##

This file was extended by BTstack config.status 0.1, which was
generated by GNU Autoconf 2.61.  Invocation command line was

  CONFIG_FILES    = 
  CONFIG_HEADERS  = 
  CONFIG_LINKS    = 
  CONFIG_COMMANDS = 
  $ ./config.status 

on darngel.ncis.xtenbox.fr

config.status:656: creating Makefile
config.status:656: creating src/Makefile
config.status:656: creating example/Makefile
config.status:656: creating PatchBlueTool/Makefile
config.status:656: creating SpringBoardAccess/Makefile
config.status:847: executing depfiles commands

## ---------------- ##
## Cache variables. ##
## ---------------- ##

ac_cv_build=i386-apple-darwin10.4.0
ac_cv_c_compiler_gnu=yes
ac_cv_env_CC_set=
ac_cv_env_CC_value=
ac_cv_env_CFLAGS_set=
ac_cv_env_CFLAGS_value=
ac_cv_env_CPPFLAGS_set=
ac_cv_env_CPPFLAGS_value=
ac_cv_env_CPP_set=
ac_cv_env_CPP_value=
ac_cv_env_LDFLAGS_set=
ac_cv_env_LDFLAGS_value=
ac_cv_env_LIBS_set=
ac_cv_env_LIBS_value=
ac_cv_env_LIBUSB_CFLAGS_set=
ac_cv_env_LIBUSB_CFLAGS_value=
ac_cv_env_LIBUSB_LIBS_set=
ac_cv_env_LIBUSB_LIBS_value=
ac_cv_env_OBJCFLAGS_set=
ac_cv_env_OBJCFLAGS_value=
ac_cv_env_OBJC_set=
ac_cv_env_OBJC_value=
ac_cv_env_PKG_CONFIG_set=
ac_cv_env_PKG_CONFIG_value=
ac_cv_env_build_alias_set=
ac_cv_env_build_alias_value=
ac_cv_env_host_alias_set=
ac_cv_env_host_alias_value=
ac_cv_env_target_alias_set=set
ac_cv_env_target_alias_value=iphone
ac_cv_host=i386-apple-darwin10.4.0
ac_cv_objc_compiler_gnu=yes
ac_cv_objext=o
ac_cv_path_install='/usr/bin/install -c'
ac_cv_prog_AWK=awk
ac_cv_prog_CPP='gcc -E'
ac_cv_prog_ac_ct_CC=gcc
ac_cv_prog_ac_ct_OBJC=gcc
ac_cv_prog_cc_c89=
ac_cv_prog_cc_g=yes
ac_cv_prog_make_make_set=yes
ac_cv_prog_objc_g=yes
am_cv_CC_dependencies_compiler_type=none
am_cv_OBJC_dependencies_compiler_type=none

## ----------------- ##
## Output variables. ##
## ----------------- ##

ACLOCAL='${SHELL} /Users/nix/Documents/btstack-repo/config/missing --run aclocal-1.10'
AMDEPBACKSLASH='\'
AMDEP_FALSE='#'
AMDEP_TRUE=''
AMTAR='${SHELL} /Users/nix/Documents/btstack-repo/config/missing --run tar'
AUTOCONF='${SHELL} /Users/nix/Documents/btstack-repo/config/missing --run autoconf'
AUTOHEADER='${SHELL} /Users/nix/Documents/btstack-repo/config/missing --run autoheader'
AUTOMAKE='${SHELL} /Users/nix/Documents/btstack-repo/config/missing --run automake-1.10'
AWK='awk'
BTSTACK_LIB_EXTENSION='dylib'
BTSTACK_LIB_LDFLAGS='-dynamiclib -install_name $(prefix)/lib/libBTstack.dylib'
CC='/Developer/Platforms/iPhoneOS.platform/Developer/usr/bin/arm-apple-darwin10-gcc-4.2.1'
CCDEPMODE='depmode=none'
CFLAGS='-g -O2 -g'
CPP='gcc -E'
CPPFLAGS=' -I/Developer/Platforms/iPhoneOS.platform/Developer/SDKs/iPhoneOS3.2.sdk/usr/include -I/Developer/Platforms/iPhoneOS.platform/Developer/SDKs/iPhoneOS3.2.sdk/usr/lib/gcc/arm-apple-darwin10/4.2.1/include -F/Developer/Platforms/iPhoneOS.platform/Developer/SDKs/iPhoneOS3.2.sdk/System/Library/Frameworks -Werror'
CYGPATH_W='echo'
DEFS='-DPACKAGE_NAME=\"BTstack\" -DPACKAGE_TARNAME=\"btstack\" -DPACKAGE_VERSION=\"0.1\" -DPACKAGE_STRING=\"BTstack\ 0.1\" -DPACKAGE_BUGREPORT=\"\" -DPACKAGE=\"BTstack\" -DVERSION=\"0.1\"'
DEPDIR='.deps'
ECHO_C='ECHO_N=''
ECHO_T=''
EXEEXT=''
HAVE_LIBUSB=''
HAVE_LIBUSB_FALSE=''
HAVE_LIBUSB_TRUE='#'
INSTALL_DATA='${INSTALL} -m 644'
INSTALL_PROGRAM='${INSTALL}'
INSTALL_SCRIPT='${INSTALL}'
INSTALL_STRIP_PROGRAM='$(install_sh) -c -s'
IPHONE_IP=''
LDFLAGS=' -framework CoreFoundation -framework Foundation -F/Developer/Platforms/iPhoneOS.platform/Developer/SDKs/iPhoneOS3.2.sdk/System/Library/Frameworks -L/Developer/Platforms/iPhoneOS.platform/Developer/SDKs/iPhoneOS3.2.sdk/usr/lib -framework Foundation -framework CoreFoundation -framework UIKit -L/Developer/Platforms/iPhoneOS.platform/Developer/SDKs/iPhoneOS3.2.sdk/System/Library/Frameworks/IOKit.framework/Versions/A /Developer/Platforms/iPhoneOS.platform/Developer/SDKs/iPhoneOS3.2.sdk/System/Library/PrivateFrameworks/BluetoothManager.framework/BluetoothManager -lIOKit -lobjc'
LIBOBJS=''
LIBS=''
LIBUSB_CFLAGS=''
LIBUSB_LIBS=''
LN_S='ln -s'
LTLIBOBJS=''
MAKEINFO='${SHELL} /Users/nix/Documents/btstack-repo/config/missing --run makeinfo'
OBJC='/Developer/Platforms/iPhoneOS.platform/Developer/usr/bin/arm-apple-darwin10-g++-4.2.1'
OBJCDEPMODE='depmode=none'
OBJCFLAGS='-g -O2'
OBJEXT='o'
PACKAGE='BTstack'
PACKAGE_BUGREPORT=''
PACKAGE_NAME='BTstack'
PACKAGE_STRING='BTstack 0.1'
PACKAGE_TARNAME='btstack'
PACKAGE_VERSION='0.1'
PATH_SEPARATOR=':'
PKG_CONFIG=''
REMOTE_DEVICE_DB_SOURCES='remote_device_db_iphone.m'
RUN_LOOP_SOURCES='run_loop_posix.c run_loop_embedded.c run_loop_cocoa.m'
SET_MAKE=''
SHELL='/bin/sh'
SPRINGBOARD_ACCESS_SOURCES='../SpringBoardAccess/SpringBoardAccess.c'
STRIP=''
USB_SOURCES=''
USE_BLUETOOL_FALSE='#'
USE_BLUETOOL_TRUE=''
USE_LDID='#'
USE_SPRINGBOARD_FALSE='#'
USE_SPRINGBOARD_TRUE=''
VERSION='0.1'
ac_ct_CC='gcc'
ac_ct_OBJC='gcc'
am__fastdepCC_FALSE=''
am__fastdepCC_TRUE='#'
am__fastdepOBJC_FALSE=''
am__fastdepOBJC_TRUE='#'
am__include='include'
am__isrc=''
am__leading_dot='.'
am__quote=''
am__tar='${AMTAR} chof - "$$tardir"'
am__untar='${AMTAR} xf -'
bindir='${exec_prefix}/bin'
build='i386-apple-darwin10.4.0'
build_alias=''
build_cpu='i386'
build_os='darwin10.4.0'
build_vendor='apple'
datadir='${datarootdir}'
datarootdir='${prefix}/share'
docdir='${datarootdir}/doc/${PACKAGE_TARNAME}'
dvidir='${docdir}'
exec_prefix='${prefix}'
host='i386-apple-darwin10.4.0'
host_alias=''
host_cpu='i386'
host_os='darwin10.4.0'
host_vendor='apple'
htmldir='${docdir}'
includedir='${prefix}/include'
infodir='${datarootdir}/info'
install_sh='$(SHELL) /Users/nix/Documents/btstack-repo/config/install-sh'
libdir='${exec_prefix}/lib'
libexecdir='${exec_prefix}/libexec'
localedir='${datarootdir}/locale'
localstatedir='${prefix}/var'
mandir='${datarootdir}/man'
mkdir_p='$(top_builddir)/config/install-sh -c -d'
oldincludedir='/usr/include'
pdfdir='${docdir}'
prefix='/usr/local'
program_transform_name='s,x,x,'
psdir='${docdir}'
sbindir='${exec_prefix}/sbin'
sharedstatedir='${prefix}/com'
sysconfdir='${prefix}/etc'
target_alias='iphone'

## ----------- ##
## confdefs.h. ##
## ----------- ##

#define PACKAGE_NAME "BTstack"
#define PACKAGE_TARNAME "btstack"
#define PACKAGE_VERSION "0.1"
#define PACKAGE_STRING "BTstack 0.1"
#define PACKAGE_BUGREPORT ""
#define PACKAGE "BTstack"
#define VERSION "0.1"

configure: exit 0
